<?xml version="1.0" encoding="UTF-8"?>
<!-- Generated by org.testng.reporters.JUnitXMLReporter -->
<testsuite ignored="2" hostname="LAPTOP-4MAD2M2P" failures="2" tests="4" name="ChromeTest" time="156.431" errors="0" timestamp="2021-10-06T23:44:49 IST">
  <testcase classname="testCases.TC01_LoginTest" name="LoginTest" time="10.188"/>
  <testcase classname="testCases.TC02_LoginCredentialsTest" name="LoginCredentialsTest" time="11.369"/>
  <testcase classname="testCases.TC02_LoginCredentialsTest" name="LoginCredentialsTest" time="8.121">
    <failure type="java.lang.AssertionError" message="expected [true] but found [false]">
      <![CDATA[java.lang.AssertionError: expected [true] but found [false]
at testCases.TC02_LoginCredentialsTest.LoginCredentialsTest(TC02_LoginCredentialsTest.java:51)
at java.base/java.util.ArrayList.forEach(ArrayList.java:1511)
... Removed 31 stack frames]]>
    </failure>
  </testcase> <!-- LoginCredentialsTest -->
  <testcase classname="testCases.TC02_LoginCredentialsTest" name="LoginCredentialsTest" time="8.622">
    <failure type="java.lang.AssertionError" message="expected [true] but found [false]">
      <![CDATA[java.lang.AssertionError: expected [true] but found [false]
at testCases.TC02_LoginCredentialsTest.LoginCredentialsTest(TC02_LoginCredentialsTest.java:51)
at java.base/java.util.ArrayList.forEach(ArrayList.java:1511)
... Removed 31 stack frames]]>
    </failure>
  </testcase> <!-- LoginCredentialsTest -->
  <testcase classname="testCases.BaseTest" name="@AfterTest tearDownTest" time="0.0">
    <ignored/>
  </testcase> <!-- @AfterTest tearDownTest -->
  <testcase classname="testCases.BaseTest" name="@BeforeTest setUpTest" time="0.0">
    <ignored/>
  </testcase> <!-- @BeforeTest setUpTest -->
</testsuite> <!-- ChromeTest -->
