<?xml version="1.0" encoding="UTF-8"?>
<testng-results ignored="0" total="1" passed="1" failed="0" skipped="0">
  <reporter-output>
  </reporter-output>
  <suite started-at="2021-10-29T23:10:18 IST" name="Suite" finished-at="2021-10-29T23:14:05 IST" duration-ms="226828">
    <groups>
    </groups>
    <test started-at="2021-10-29T23:10:18 IST" name="MicrosoftEdgeTest" finished-at="2021-10-29T23:14:05 IST" duration-ms="226828">
      <class name="testCases.TC06_AccountDetailsTest">
        <test-method is-config="true" signature="setUpTest(java.lang.String)[pri:0, instance:testCases.TC06_AccountDetailsTest@5656be13]" started-at="2021-10-29T23:10:19 IST" name="setUpTest" finished-at="2021-10-29T23:13:13 IST" duration-ms="174195" status="PASS">
          <params>
            <param index="0">
              <value>
                <![CDATA[edge]]>
              </value>
            </param>
          </params>
          <reporter-output>
          </reporter-output>
        </test-method> <!-- setUpTest -->
        <test-method signature="AccountDetailsTest()[pri:0, instance:testCases.TC06_AccountDetailsTest@5656be13]" started-at="2021-10-29T23:13:13 IST" name="AccountDetailsTest" finished-at="2021-10-29T23:13:52 IST" duration-ms="38230" status="PASS">
          <reporter-output>
          </reporter-output>
        </test-method> <!-- AccountDetailsTest -->
        <test-method is-config="true" signature="tearDownTest()[pri:0, instance:testCases.TC06_AccountDetailsTest@5656be13]" started-at="2021-10-29T23:13:52 IST" name="tearDownTest" finished-at="2021-10-29T23:14:05 IST" duration-ms="13226" status="PASS">
          <reporter-output>
          </reporter-output>
        </test-method> <!-- tearDownTest -->
      </class> <!-- testCases.TC06_AccountDetailsTest -->
    </test> <!-- MicrosoftEdgeTest -->
  </suite> <!-- Suite -->
</testng-results>
